xrun(64): 19.03-s008: (c) Copyright 1995-2019 Cadence Design Systems, Inc.
TOOL:	xrun(64)	19.03-s008: Started on Feb 13, 2024 at 18:23:51 IST
xrun
	-y /home/mahanthab/projects/address_filter_tb/tb/tb_lib
	-compile
	-uvm
	-uvmaccess
	-f /home/mahanthab/projects/address_filter_tb/tb/tb_list.f
		/home/mahanthab/projects/address_filter_tb/tb/testbench.sv
		-incdir /home/mahanthab/projects/address_filter_tb/test/
		-incdir /home/mahanthab/projects/address_filter_tb/ral/
		-incdir /home/mahanthab/projects/address_filter_tb/rtl
		-incdir /home/mahanthab/projects/address_filter_tb/tb
		-incdir /home/mahanthab/projects/address_filter_tb/env/mem_master/
		-incdir /home/mahanthab/projects/address_filter_tb/env/mem_master/sequences/
		-incdir /home/mahanthab/projects/address_filter_tb/env/
		-incdir /home/mahanthab/projects/address_filter_tb/env/ahb_master/
		-incdir /home/mahanthab/projects/address_filter_tb/env/ahb_master/sequences/
		-incdir /home/mahanthab/projects/address_filter_tb/env/apb_master/
		-incdir /home/mahanthab/projects/address_filter_tb/env/apb_master/sequences/
		-incdir /home/mahanthab/projects/address_filter_tb/env/v_sequences/
		-incdir /home/mahanthab/projects/address_filter_tb/coverage/
	-perfstat
	-perflog /home/mahanthab/projects/address_filter_tb/sim/perf.log
xrun: *W,MLIBEXT: -y option was used without -libext flag.
xrun: *W,ENVDEPRREN: Environment Variable (INCA_64BIT) is deprecated. Use (XCELIUM_64BIT) instead.
Compiling UVM packages (uvm_pkg.sv cdns_uvm_pkg.sv) using uvmhome location /tools/EDA/cadence/XCelium1903/tools/methodology/UVM/CDNS-1.1d
xmvlog: Memory Usage - Final: 47.6M, Peak: 47.7M, Peak virtual: 85.1M
xmvlog: CPU Usage - 0.0s system + 0.6s user = 0.6s total (0.6s, 100.0% cpu)
file: /home/mahanthab/projects/address_filter_tb/tb/testbench.sv
xmvlog: *W,LIBNOU: Library "/home/mahanthab/projects/address_filter_tb/tb/tb_lib" given but not used.
	Total errors/warnings found outside modules and primitives:
		errors: 0, warnings: 1
xmvlog: Memory Usage - Final: 38.3M, Peak: 38.3M, Peak virtual: 77.9M
xmvlog: CPU Usage - 0.0s system + 0.2s user = 0.2s total (0.2s, 100.0% cpu)
TOOL:	xrun(64)	19.03-s008: Exiting on Feb 13, 2024 at 18:23:52 IST  (total: 00:00:01)
